<?xml version="1.0" encoding="UTF-8"?>
<!-- Generated by org.testng.reporters.JUnitReportReporter -->
<testsuite hostname="INBAWN180114" failures="0" tests="1" name="stream.java.collections.ArrayListFindWordCountStartsWithLetterS" time="0.011" errors="0" timestamp="2024-09-08T15:18:53 IST" skipped="0">
  <testcase classname="stream.java.collections.ArrayListFindWordCountStartsWithLetterS" name="streamToList" time="0.011"/>
  <system-out/>
</testsuite> <!-- stream.java.collections.ArrayListFindWordCountStartsWithLetterS -->
